<?xml version="1.0" encoding="UTF-8"?>
<robot generator="Robot 6.1.1 (Python 3.12.1 on win32)" generated="20231210 14:58:22.119" rpa="false" schemaversion="4">
<suite id="s1" name="Login" source="D:\MySkill\robot-test\step\login.robot">
<kw name="Open Browser" library="SeleniumLibrary" type="SETUP">
<arg>${WebSauceDemo}</arg>
<arg>${BROWSER}</arg>
<doc>Opens a new browser instance to the optional ``url``.</doc>
<msg timestamp="20231210 14:58:22.410" level="INFO">Opening browser 'chrome' to base url 'https://www.saucedemo.com/'.</msg>
<status status="PASS" starttime="20231210 14:58:22.409" endtime="20231210 14:58:24.898"/>
</kw>
<test id="s1-t1" name="User Login with Valid Data" line="39">
<kw name="Input Username">
<kw name="Input Text" library="SeleniumLibrary">
<arg>${txtUsername}</arg>
<arg>standard_user</arg>
<doc>Types the given ``text`` into the text field identified by ``locator``.</doc>
<msg timestamp="20231210 14:58:24.903" level="INFO">Typing text 'standard_user' into text field '//input[@id='user-name']'.</msg>
<status status="PASS" starttime="20231210 14:58:24.902" endtime="20231210 14:58:25.090"/>
</kw>
<status status="PASS" starttime="20231210 14:58:24.901" endtime="20231210 14:58:25.090"/>
</kw>
<kw name="Input Password">
<kw name="Input Text" library="SeleniumLibrary">
<arg>${txtPassword}</arg>
<arg>secret_sauce</arg>
<doc>Types the given ``text`` into the text field identified by ``locator``.</doc>
<msg timestamp="20231210 14:58:25.092" level="INFO">Typing text 'secret_sauce' into text field '//input[@id='password']'.</msg>
<status status="PASS" starttime="20231210 14:58:25.091" endtime="20231210 14:58:25.234"/>
</kw>
<status status="PASS" starttime="20231210 14:58:25.091" endtime="20231210 14:58:25.234"/>
</kw>
<kw name="Click Button login">
<kw name="Click Element" library="SeleniumLibrary">
<arg>${btnLogin}</arg>
<doc>Click the element identified by ``locator``.</doc>
<msg timestamp="20231210 14:58:25.237" level="INFO">Clicking element '//input[@id='login-button']'.</msg>
<status status="PASS" starttime="20231210 14:58:25.236" endtime="20231210 14:58:25.397"/>
</kw>
<kw name="Sleep" library="BuiltIn">
<arg>1s</arg>
<doc>Pauses the test executed for the given time.</doc>
<msg timestamp="20231210 14:58:26.398" level="INFO">Slept 1 second</msg>
<status status="PASS" starttime="20231210 14:58:25.397" endtime="20231210 14:58:26.398"/>
</kw>
<status status="PASS" starttime="20231210 14:58:25.235" endtime="20231210 14:58:26.399"/>
</kw>
<kw name="Verify on Login Page">
<kw name="Page Should Contain" library="SeleniumLibrary">
<arg>Products</arg>
<doc>Verifies that current page contains ``text``.</doc>
<msg timestamp="20231210 14:58:26.438" level="INFO">Current page contains text 'Products'.</msg>
<status status="PASS" starttime="20231210 14:58:26.401" endtime="20231210 14:58:26.438"/>
</kw>
<status status="PASS" starttime="20231210 14:58:26.400" endtime="20231210 14:58:26.438"/>
</kw>
<status status="PASS" starttime="20231210 14:58:24.898" endtime="20231210 14:58:26.438"/>
</test>
<kw name="Close Browser" library="SeleniumLibrary" type="TEARDOWN">
<doc>Closes the current browser.</doc>
<status status="PASS" starttime="20231210 14:58:26.440" endtime="20231210 14:58:28.677"/>
</kw>
<status status="PASS" starttime="20231210 14:58:22.120" endtime="20231210 14:58:28.677"/>
</suite>
<statistics>
<total>
<stat pass="1" fail="0" skip="0">All Tests</stat>
</total>
<tag>
</tag>
<suite>
<stat pass="1" fail="0" skip="0" id="s1" name="Login">Login</stat>
</suite>
</statistics>
<errors>
</errors>
</robot>
